\BOOKMARK [1][-]{section.1}{Introduction}{}% 1
\BOOKMARK [2][-]{subsection.1.1}{Choix du sujet}{section.1}% 2
\BOOKMARK [2][-]{subsection.1.2}{Les objectifs du projet}{section.1}% 3
\BOOKMARK [1][-]{section.2}{Travaux pr\351liminaires}{}% 4
\BOOKMARK [2][-]{subsection.2.1}{Renseignement sur le Sokoban}{section.2}% 5
\BOOKMARK [2][-]{subsection.2.2}{R\351partition des fichiers}{section.2}% 6
\BOOKMARK [2][-]{subsection.2.3}{La r\351partition des t\342ches}{section.2}% 7
\BOOKMARK [1][-]{section.3}{Structure du projet}{}% 8
\BOOKMARK [2][-]{subsection.3.1}{Fichier de structure d'une grille}{section.3}% 9
\BOOKMARK [3][-]{subsubsection.3.1.1}{Cr\351ation d'un fichier de grille global}{subsection.3.1}% 10
\BOOKMARK [3][-]{subsubsection.3.1.2}{Lecture d'un niveau de Sokoban}{subsection.3.1}% 11
\BOOKMARK [3][-]{subsubsection.3.1.3}{Adaptation des symboles pour le programme}{subsection.3.1}% 12
\BOOKMARK [2][-]{subsection.3.2}{Premi\350re version jouable en console}{section.3}% 13
\BOOKMARK [3][-]{subsubsection.3.2.1}{Les d\351placements du joueur}{subsection.3.2}% 14
\BOOKMARK [3][-]{subsubsection.3.2.2}{Les d\351placements de caisses}{subsection.3.2}% 15
\BOOKMARK [3][-]{subsubsection.3.2.3}{Les conditions de victoire}{subsection.3.2}% 16
\BOOKMARK [1][-]{section.4}{Approche graphique}{}% 17
\BOOKMARK [2][-]{subsection.4.1}{Gestion des \351tats du jeu par couches}{section.4}% 18
\BOOKMARK [2][-]{subsection.4.2}{La couche menu, la couche de s\351lection de niveau et la couche de fin}{section.4}% 19
\BOOKMARK [3][-]{subsubsection.4.2.1}{Les boutons}{subsection.4.2}% 20
\BOOKMARK [3][-]{subsubsection.4.2.2}{Le score}{subsection.4.2}% 21
\BOOKMARK [2][-]{subsection.4.3}{La couche de jeu}{section.4}% 22
\BOOKMARK [3][-]{subsubsection.4.3.1}{L'objet Image}{subsection.4.3}% 23
\BOOKMARK [3][-]{subsubsection.4.3.2}{La m\351thode react\137to de la couche de jeu}{subsection.4.3}% 24
\BOOKMARK [1][-]{section.5}{Les ajouts de confort de jeu}{}% 25
\BOOKMARK [2][-]{subsection.5.1}{Les indications textuelles}{section.5}% 26
\BOOKMARK [2][-]{subsection.5.2}{Les sons du jeu}{section.5}% 27
\BOOKMARK [2][-]{subsection.5.3}{Les touches de "sauvetage"}{section.5}% 28
\BOOKMARK [3][-]{subsubsection.5.3.1}{Le retour arri\350re}{subsection.5.3}% 29
\BOOKMARK [3][-]{subsubsection.5.3.2}{La remise \340 z\351ro du niveau}{subsection.5.3}% 30
\BOOKMARK [1][-]{section.6}{L'algorithme de r\351solution}{}% 31
\BOOKMARK [2][-]{subsection.6.1}{Recherche d'un algorithme compatible}{section.6}% 32
\BOOKMARK [2][-]{subsection.6.2}{Adaptation de l'algorithme}{section.6}% 33
\BOOKMARK [3][-]{subsubsection.6.2.1}{Modifications du programme}{subsection.6.2}% 34
\BOOKMARK [3][-]{subsubsection.6.2.2}{Int\351gration de l'algorithme au jeu}{subsection.6.2}% 35
\BOOKMARK [1][-]{section.7}{Possibles am\351liorations}{}% 36
\BOOKMARK [1][-]{section.8}{Manuel d'utilisation et Illustration de l'usage}{}% 37
\BOOKMARK [2][-]{subsection.8.1}{Manuel d'utilisation}{section.8}% 38
\BOOKMARK [2][-]{subsection.8.2}{Illustration de l'usage}{section.8}% 39
\BOOKMARK [1][-]{section.9}{Conclusion}{}% 40
\BOOKMARK [1][-]{section.10}{Annexes}{}% 41
